{"D:\\WebServers\\home\\work.ru\\njs-test\\src\\core\\mongoose.js":{"path":"D:\\WebServers\\home\\work.ru\\njs-test\\src\\core\\mongoose.js","s":{"1":1,"2":1,"3":1,"4":1},"b":{},"f":{},"fnMap":{},"statementMap":{"1":{"start":{"line":1,"column":0},"end":{"line":1,"column":34}},"2":{"start":{"line":2,"column":0},"end":{"line":2,"column":35}},"3":{"start":{"line":4,"column":0},"end":{"line":4,"column":38}},"4":{"start":{"line":6,"column":0},"end":{"line":6,"column":26}}},"branchMap":{}},"D:\\WebServers\\home\\work.ru\\njs-test\\src\\config\\index.js":{"path":"D:\\WebServers\\home\\work.ru\\njs-test\\src\\config\\index.js","s":{"1":1},"b":{},"f":{},"fnMap":{},"statementMap":{"1":{"start":{"line":1,"column":0},"end":{"line":16,"column":2}}},"branchMap":{}},"D:\\WebServers\\home\\work.ru\\njs-test\\src\\app.js":{"path":"D:\\WebServers\\home\\work.ru\\njs-test\\src\\app.js","s":{"1":1,"2":1,"3":1,"4":1,"5":1,"6":1,"7":1,"8":1,"9":1,"10":1,"11":1,"12":1,"13":1,"14":1,"15":1,"16":1,"17":1,"18":1,"19":1,"20":1,"21":1,"22":1,"23":1,"24":1,"25":1,"26":1,"27":1,"28":1},"b":{"1":[1,1]},"f":{"1":1,"2":1,"3":1,"4":1,"5":1},"fnMap":{"1":{"name":"initCore","line":18,"loc":{"start":{"line":18,"column":0},"end":{"line":18,"column":20}}},"2":{"name":"initExpress","line":23,"loc":{"start":{"line":23,"column":0},"end":{"line":23,"column":23}}},"3":{"name":"initRoutes","line":29,"loc":{"start":{"line":29,"column":0},"end":{"line":29,"column":22}}},"4":{"name":"startServer","line":35,"loc":{"start":{"line":35,"column":0},"end":{"line":35,"column":23}}},"5":{"name":"onListen","line":39,"loc":{"start":{"line":39,"column":0},"end":{"line":39,"column":20}}}},"statementMap":{"1":{"start":{"line":3,"column":0},"end":{"line":3,"column":33}},"2":{"start":{"line":4,"column":0},"end":{"line":4,"column":27}},"3":{"start":{"line":5,"column":0},"end":{"line":5,"column":33}},"4":{"start":{"line":6,"column":0},"end":{"line":6,"column":40}},"5":{"start":{"line":7,"column":0},"end":{"line":7,"column":35}},"6":{"start":{"line":9,"column":0},"end":{"line":9,"column":20}},"7":{"start":{"line":10,"column":0},"end":{"line":10,"column":36}},"8":{"start":{"line":11,"column":0},"end":{"line":11,"column":36}},"9":{"start":{"line":13,"column":0},"end":{"line":13,"column":11}},"10":{"start":{"line":14,"column":0},"end":{"line":14,"column":14}},"11":{"start":{"line":15,"column":0},"end":{"line":15,"column":13}},"12":{"start":{"line":16,"column":0},"end":{"line":16,"column":14}},"13":{"start":{"line":18,"column":0},"end":{"line":21,"column":1}},"14":{"start":{"line":19,"column":4},"end":{"line":19,"column":34}},"15":{"start":{"line":20,"column":4},"end":{"line":20,"column":34}},"16":{"start":{"line":23,"column":0},"end":{"line":27,"column":1}},"17":{"start":{"line":24,"column":4},"end":{"line":24,"column":30}},"18":{"start":{"line":25,"column":4},"end":{"line":25,"column":35}},"19":{"start":{"line":26,"column":4},"end":{"line":26,"column":69}},"20":{"start":{"line":29,"column":0},"end":{"line":33,"column":1}},"21":{"start":{"line":30,"column":4},"end":{"line":30,"column":49}},"22":{"start":{"line":31,"column":4},"end":{"line":31,"column":55}},"23":{"start":{"line":32,"column":4},"end":{"line":32,"column":39}},"24":{"start":{"line":35,"column":0},"end":{"line":37,"column":1}},"25":{"start":{"line":36,"column":4},"end":{"line":36,"column":34}},"26":{"start":{"line":39,"column":0},"end":{"line":41,"column":1}},"27":{"start":{"line":40,"column":4},"end":{"line":40,"column":47}},"28":{"start":{"line":43,"column":0},"end":{"line":43,"column":24}}},"branchMap":{"1":{"line":10,"type":"binary-expr","locations":[{"start":{"line":10,"column":11},"end":{"line":10,"column":27}},{"start":{"line":10,"column":31},"end":{"line":10,"column":35}}]}}},"D:\\WebServers\\home\\work.ru\\njs-test\\src\\core\\passport.js":{"path":"D:\\WebServers\\home\\work.ru\\njs-test\\src\\core\\passport.js","s":{"1":1,"2":1,"3":1,"4":1,"5":1,"6":1,"7":1,"8":3,"9":1,"10":1,"11":0,"12":0,"13":0,"14":0,"15":0,"16":0},"b":{"1":[0,0],"2":[0,0]},"f":{"1":3,"2":0,"3":0},"fnMap":{"1":{"name":"(anonymous_1)","line":12,"loc":{"start":{"line":12,"column":3},"end":{"line":12,"column":39}}},"2":{"name":"(anonymous_2)","line":24,"loc":{"start":{"line":24,"column":3},"end":{"line":24,"column":32}}},"3":{"name":"(anonymous_3)","line":25,"loc":{"start":{"line":25,"column":40},"end":{"line":25,"column":61}}}},"statementMap":{"1":{"start":{"line":3,"column":0},"end":{"line":3,"column":34}},"2":{"start":{"line":4,"column":0},"end":{"line":4,"column":35}},"3":{"start":{"line":5,"column":0},"end":{"line":5,"column":55}},"4":{"start":{"line":6,"column":0},"end":{"line":6,"column":51}},"5":{"start":{"line":7,"column":0},"end":{"line":7,"column":52}},"6":{"start":{"line":8,"column":0},"end":{"line":8,"column":42}},"7":{"start":{"line":10,"column":0},"end":{"line":16,"column":4}},"8":{"start":{"line":13,"column":4},"end":{"line":15,"column":19}},"9":{"start":{"line":14,"column":8},"end":{"line":14,"column":33}},"10":{"start":{"line":18,"column":0},"end":{"line":35,"column":4}},"11":{"start":{"line":25,"column":4},"end":{"line":34,"column":7}},"12":{"start":{"line":26,"column":8},"end":{"line":28,"column":9}},"13":{"start":{"line":27,"column":12},"end":{"line":27,"column":36}},"14":{"start":{"line":29,"column":8},"end":{"line":33,"column":9}},"15":{"start":{"line":30,"column":12},"end":{"line":30,"column":29}},"16":{"start":{"line":32,"column":12},"end":{"line":32,"column":30}}},"branchMap":{"1":{"line":26,"type":"if","locations":[{"start":{"line":26,"column":8},"end":{"line":26,"column":8}},{"start":{"line":26,"column":8},"end":{"line":26,"column":8}}]},"2":{"line":29,"type":"if","locations":[{"start":{"line":29,"column":8},"end":{"line":29,"column":8}},{"start":{"line":29,"column":8},"end":{"line":29,"column":8}}]}}},"D:\\WebServers\\home\\work.ru\\njs-test\\src\\models\\user.js":{"path":"D:\\WebServers\\home\\work.ru\\njs-test\\src\\models\\user.js","s":{"1":1,"2":1,"3":1,"4":1,"5":1,"6":1,"7":1,"8":1,"9":1,"10":2,"11":1,"12":2,"13":1,"14":0,"15":0,"16":1,"17":4,"18":4,"19":4,"20":1,"21":3,"22":3,"23":3,"24":3,"25":3,"26":0,"27":3,"28":1,"29":3,"30":1,"31":2,"32":3,"33":3,"34":1,"35":2,"36":1,"37":1,"38":0,"39":1},"b":{"1":[1,3],"2":[0,3],"3":[1,2],"4":[1,2],"5":[1,1]},"f":{"1":2,"2":2,"3":0,"4":4,"5":3,"6":0},"fnMap":{"1":{"name":"(anonymous_1)","line":25,"loc":{"start":{"line":25,"column":31},"end":{"line":25,"column":51}}},"2":{"name":"(anonymous_2)","line":29,"loc":{"start":{"line":29,"column":29},"end":{"line":29,"column":41}}},"3":{"name":"(anonymous_3)","line":33,"loc":{"start":{"line":33,"column":36},"end":{"line":33,"column":48}}},"4":{"name":"(anonymous_4)","line":42,"loc":{"start":{"line":42,"column":19},"end":{"line":42,"column":46}}},"5":{"name":"(anonymous_5)","line":70,"loc":{"start":{"line":70,"column":16},"end":{"line":70,"column":34}}},"6":{"name":"(anonymous_6)","line":84,"loc":{"start":{"line":84,"column":27},"end":{"line":84,"column":30}}}},"statementMap":{"1":{"start":{"line":3,"column":0},"end":{"line":3,"column":34}},"2":{"start":{"line":4,"column":0},"end":{"line":4,"column":35}},"3":{"start":{"line":5,"column":0},"end":{"line":5,"column":29}},"4":{"start":{"line":6,"column":0},"end":{"line":6,"column":44}},"5":{"start":{"line":7,"column":0},"end":{"line":7,"column":34}},"6":{"start":{"line":9,"column":0},"end":{"line":19,"column":3}},"7":{"start":{"line":21,"column":0},"end":{"line":21,"column":41}},"8":{"start":{"line":23,"column":0},"end":{"line":23,"column":49}},"9":{"start":{"line":25,"column":0},"end":{"line":27,"column":2}},"10":{"start":{"line":26,"column":4},"end":{"line":26,"column":52}},"11":{"start":{"line":29,"column":0},"end":{"line":31,"column":2}},"12":{"start":{"line":30,"column":4},"end":{"line":30,"column":87}},"13":{"start":{"line":33,"column":0},"end":{"line":36,"column":2}},"14":{"start":{"line":34,"column":4},"end":{"line":34,"column":26}},"15":{"start":{"line":35,"column":4},"end":{"line":35,"column":23}},"16":{"start":{"line":38,"column":0},"end":{"line":38,"column":55}},"17":{"start":{"line":43,"column":8},"end":{"line":43,"column":17}},"18":{"start":{"line":44,"column":8},"end":{"line":67,"column":15}},"19":{"start":{"line":46,"column":16},"end":{"line":48,"column":17}},"20":{"start":{"line":47,"column":20},"end":{"line":47,"column":68}},"21":{"start":{"line":49,"column":16},"end":{"line":49,"column":59}},"22":{"start":{"line":50,"column":16},"end":{"line":50,"column":54}},"23":{"start":{"line":51,"column":16},"end":{"line":51,"column":35}},"24":{"start":{"line":52,"column":16},"end":{"line":52,"column":33}},"25":{"start":{"line":53,"column":16},"end":{"line":55,"column":17}},"26":{"start":{"line":54,"column":20},"end":{"line":54,"column":38}},"27":{"start":{"line":57,"column":24},"end":{"line":57,"column":35}},"28":{"start":{"line":59,"column":16},"end":{"line":59,"column":41}},"29":{"start":{"line":61,"column":16},"end":{"line":66,"column":17}},"30":{"start":{"line":62,"column":20},"end":{"line":62,"column":53}},"31":{"start":{"line":65,"column":20},"end":{"line":65,"column":30}},"32":{"start":{"line":71,"column":8},"end":{"line":81,"column":11}},"33":{"start":{"line":72,"column":12},"end":{"line":74,"column":13}},"34":{"start":{"line":73,"column":16},"end":{"line":73,"column":51}},"35":{"start":{"line":76,"column":12},"end":{"line":78,"column":13}},"36":{"start":{"line":77,"column":16},"end":{"line":77,"column":54}},"37":{"start":{"line":80,"column":12},"end":{"line":80,"column":37}},"38":{"start":{"line":85,"column":8},"end":{"line":85,"column":108}},"39":{"start":{"line":90,"column":0},"end":{"line":90,"column":27}}},"branchMap":{"1":{"line":46,"type":"if","locations":[{"start":{"line":46,"column":16},"end":{"line":46,"column":16}},{"start":{"line":46,"column":16},"end":{"line":46,"column":16}}]},"2":{"line":53,"type":"if","locations":[{"start":{"line":53,"column":16},"end":{"line":53,"column":16}},{"start":{"line":53,"column":16},"end":{"line":53,"column":16}}]},"3":{"line":61,"type":"if","locations":[{"start":{"line":61,"column":16},"end":{"line":61,"column":16}},{"start":{"line":61,"column":16},"end":{"line":61,"column":16}}]},"4":{"line":72,"type":"if","locations":[{"start":{"line":72,"column":12},"end":{"line":72,"column":12}},{"start":{"line":72,"column":12},"end":{"line":72,"column":12}}]},"5":{"line":76,"type":"if","locations":[{"start":{"line":76,"column":12},"end":{"line":76,"column":12}},{"start":{"line":76,"column":12},"end":{"line":76,"column":12}}]}}},"D:\\WebServers\\home\\work.ru\\njs-test\\src\\routes\\users.js":{"path":"D:\\WebServers\\home\\work.ru\\njs-test\\src\\routes\\users.js","s":{"1":1,"2":1,"3":1,"4":1,"5":4,"6":4,"7":1,"8":1,"9":1,"10":1,"11":0,"12":1},"b":{},"f":{"1":4,"2":1,"3":0},"fnMap":{"1":{"name":"(anonymous_1)","line":7,"loc":{"start":{"line":7,"column":25},"end":{"line":7,"column":51}}},"2":{"name":"(anonymous_2)","line":16,"loc":{"start":{"line":16,"column":4},"end":{"line":16,"column":30}}},"3":{"name":"(anonymous_3)","line":21,"loc":{"start":{"line":21,"column":32},"end":{"line":21,"column":58}}}},"statementMap":{"1":{"start":{"line":3,"column":0},"end":{"line":3,"column":42}},"2":{"start":{"line":4,"column":0},"end":{"line":4,"column":35}},"3":{"start":{"line":5,"column":0},"end":{"line":5,"column":41}},"4":{"start":{"line":7,"column":0},"end":{"line":12,"column":3}},"5":{"start":{"line":8,"column":4},"end":{"line":8,"column":24}},"6":{"start":{"line":9,"column":4},"end":{"line":11,"column":21}},"7":{"start":{"line":10,"column":25},"end":{"line":10,"column":49}},"8":{"start":{"line":14,"column":0},"end":{"line":19,"column":2}},"9":{"start":{"line":17,"column":8},"end":{"line":17,"column":36}},"10":{"start":{"line":21,"column":0},"end":{"line":25,"column":3}},"11":{"start":{"line":22,"column":4},"end":{"line":24,"column":21}},"12":{"start":{"line":27,"column":0},"end":{"line":27,"column":24}}},"branchMap":{}},"D:\\WebServers\\home\\work.ru\\njs-test\\src\\routes\\comments.js":{"path":"D:\\WebServers\\home\\work.ru\\njs-test\\src\\routes\\comments.js","s":{"1":1,"2":1,"3":1,"4":1,"5":1,"6":1,"7":0,"8":0,"9":0,"10":0,"11":1,"12":0,"13":1,"14":0,"15":1,"16":0,"17":1},"b":{},"f":{"1":0,"2":0,"3":0,"4":0},"fnMap":{"1":{"name":"(anonymous_1)","line":11,"loc":{"start":{"line":11,"column":4},"end":{"line":11,"column":30}}},"2":{"name":"(anonymous_2)","line":23,"loc":{"start":{"line":23,"column":22},"end":{"line":23,"column":48}}},"3":{"name":"(anonymous_3)","line":29,"loc":{"start":{"line":29,"column":22},"end":{"line":29,"column":48}}},"4":{"name":"(anonymous_4)","line":37,"loc":{"start":{"line":37,"column":4},"end":{"line":37,"column":30}}}},"statementMap":{"1":{"start":{"line":3,"column":0},"end":{"line":3,"column":35}},"2":{"start":{"line":4,"column":0},"end":{"line":4,"column":41}},"3":{"start":{"line":5,"column":0},"end":{"line":5,"column":35}},"4":{"start":{"line":6,"column":0},"end":{"line":6,"column":48}},"5":{"start":{"line":7,"column":0},"end":{"line":7,"column":42}},"6":{"start":{"line":9,"column":0},"end":{"line":21,"column":2}},"7":{"start":{"line":12,"column":8},"end":{"line":12,"column":39}},"8":{"start":{"line":13,"column":8},"end":{"line":19,"column":25}},"9":{"start":{"line":15,"column":16},"end":{"line":17,"column":19}},"10":{"start":{"line":16,"column":20},"end":{"line":16,"column":45}},"11":{"start":{"line":23,"column":0},"end":{"line":27,"column":3}},"12":{"start":{"line":24,"column":4},"end":{"line":26,"column":21}},"13":{"start":{"line":29,"column":0},"end":{"line":33,"column":3}},"14":{"start":{"line":30,"column":4},"end":{"line":32,"column":21}},"15":{"start":{"line":35,"column":0},"end":{"line":42,"column":2}},"16":{"start":{"line":38,"column":8},"end":{"line":40,"column":25}},"17":{"start":{"line":44,"column":0},"end":{"line":44,"column":24}}},"branchMap":{}},"D:\\WebServers\\home\\work.ru\\njs-test\\src\\models\\comment.js":{"path":"D:\\WebServers\\home\\work.ru\\njs-test\\src\\models\\comment.js","s":{"1":1,"2":1,"3":1,"4":1,"5":1,"6":1,"7":0,"8":0,"9":0,"10":0,"11":0,"12":0,"13":0,"14":0,"15":0,"16":0,"17":0,"18":0,"19":0,"20":0,"21":0,"22":0,"23":0,"24":0,"25":0,"26":0,"27":0,"28":0,"29":0,"30":0,"31":0,"32":0,"33":0,"34":0,"35":1},"b":{"1":[0,0],"2":[0,0],"3":[0,0],"4":[0,0],"5":[0,0]},"f":{"1":0,"2":0,"3":0,"4":0},"fnMap":{"1":{"name":"(anonymous_1)","line":20,"loc":{"start":{"line":20,"column":17},"end":{"line":20,"column":24}}},"2":{"name":"(anonymous_2)","line":25,"loc":{"start":{"line":25,"column":18},"end":{"line":25,"column":21}}},"3":{"name":"(anonymous_3)","line":29,"loc":{"start":{"line":29,"column":18},"end":{"line":29,"column":21}}},"4":{"name":"(anonymous_4)","line":51,"loc":{"start":{"line":51,"column":26},"end":{"line":51,"column":38}}}},"statementMap":{"1":{"start":{"line":3,"column":0},"end":{"line":3,"column":35}},"2":{"start":{"line":4,"column":0},"end":{"line":4,"column":29}},"3":{"start":{"line":5,"column":0},"end":{"line":5,"column":58}},"4":{"start":{"line":7,"column":0},"end":{"line":12,"column":3}},"5":{"start":{"line":14,"column":0},"end":{"line":14,"column":26}},"6":{"start":{"line":16,"column":0},"end":{"line":16,"column":61}},"7":{"start":{"line":21,"column":8},"end":{"line":21,"column":49}},"8":{"start":{"line":22,"column":8},"end":{"line":22,"column":26}},"9":{"start":{"line":26,"column":8},"end":{"line":26,"column":57}},"10":{"start":{"line":30,"column":8},"end":{"line":48,"column":11}},"11":{"start":{"line":31,"column":12},"end":{"line":31,"column":31}},"12":{"start":{"line":32,"column":12},"end":{"line":32,"column":26}},"13":{"start":{"line":33,"column":12},"end":{"line":36,"column":15}},"14":{"start":{"line":34,"column":16},"end":{"line":34,"column":35}},"15":{"start":{"line":35,"column":16},"end":{"line":35,"column":43}},"16":{"start":{"line":37,"column":12},"end":{"line":46,"column":15}},"17":{"start":{"line":38,"column":16},"end":{"line":45,"column":17}},"18":{"start":{"line":39,"column":20},"end":{"line":41,"column":21}},"19":{"start":{"line":40,"column":24},"end":{"line":40,"column":67}},"20":{"start":{"line":44,"column":20},"end":{"line":44,"column":36}},"21":{"start":{"line":47,"column":12},"end":{"line":47,"column":24}},"22":{"start":{"line":52,"column":8},"end":{"line":54,"column":9}},"23":{"start":{"line":53,"column":12},"end":{"line":53,"column":29}},"24":{"start":{"line":55,"column":8},"end":{"line":57,"column":9}},"25":{"start":{"line":56,"column":12},"end":{"line":56,"column":63}},"26":{"start":{"line":58,"column":8},"end":{"line":72,"column":11}},"27":{"start":{"line":59,"column":12},"end":{"line":71,"column":13}},"28":{"start":{"line":60,"column":16},"end":{"line":60,"column":25}},"29":{"start":{"line":63,"column":16},"end":{"line":63,"column":34}},"30":{"start":{"line":64,"column":16},"end":{"line":64,"column":22}},"31":{"start":{"line":65,"column":16},"end":{"line":67,"column":17}},"32":{"start":{"line":66,"column":20},"end":{"line":66,"column":68}},"33":{"start":{"line":68,"column":16},"end":{"line":70,"column":19}},"34":{"start":{"line":69,"column":20},"end":{"line":69,"column":61}},"35":{"start":{"line":76,"column":0},"end":{"line":76,"column":30}}},"branchMap":{"1":{"line":38,"type":"if","locations":[{"start":{"line":38,"column":16},"end":{"line":38,"column":16}},{"start":{"line":38,"column":16},"end":{"line":38,"column":16}}]},"2":{"line":39,"type":"if","locations":[{"start":{"line":39,"column":20},"end":{"line":39,"column":20}},{"start":{"line":39,"column":20},"end":{"line":39,"column":20}}]},"3":{"line":52,"type":"if","locations":[{"start":{"line":52,"column":8},"end":{"line":52,"column":8}},{"start":{"line":52,"column":8},"end":{"line":52,"column":8}}]},"4":{"line":55,"type":"if","locations":[{"start":{"line":55,"column":8},"end":{"line":55,"column":8}},{"start":{"line":55,"column":8},"end":{"line":55,"column":8}}]},"5":{"line":59,"type":"if","locations":[{"start":{"line":59,"column":12},"end":{"line":59,"column":12}},{"start":{"line":59,"column":12},"end":{"line":59,"column":12}}]}}},"D:\\WebServers\\home\\work.ru\\njs-test\\src\\routes\\error.js":{"path":"D:\\WebServers\\home\\work.ru\\njs-test\\src\\routes\\error.js","s":{"1":1,"2":5,"3":5},"b":{},"f":{"1":5},"fnMap":{"1":{"name":"(anonymous_1)","line":3,"loc":{"start":{"line":3,"column":17},"end":{"line":3,"column":48}}}},"statementMap":{"1":{"start":{"line":3,"column":0},"end":{"line":14,"column":2}},"2":{"start":{"line":5,"column":4},"end":{"line":8,"column":6}},"3":{"start":{"line":13,"column":4},"end":{"line":13,"column":31}}},"branchMap":{}}}