TN:
SF:D:\WebServers\home\work.ru\njs-test\src\config\index.js
FNF:0
FNH:0
DA:1,1
LF:1
LH:1
BRF:0
BRH:0
end_of_record
TN:
SF:D:\WebServers\home\work.ru\njs-test\src\core\mongoose.js
FNF:0
FNH:0
DA:1,1
DA:2,1
DA:4,1
DA:6,1
LF:4
LH:4
BRF:0
BRH:0
end_of_record
TN:
SF:D:\WebServers\home\work.ru\njs-test\src\app.js
FN:18,initCore
FN:23,initExpress
FN:29,initRoutes
FN:35,startServer
FN:39,onListen
FNF:5
FNH:5
FNDA:1,initCore
FNDA:1,initExpress
FNDA:1,initRoutes
FNDA:1,startServer
FNDA:1,onListen
DA:3,1
DA:4,1
DA:5,1
DA:6,1
DA:7,1
DA:9,1
DA:10,1
DA:11,1
DA:13,1
DA:14,1
DA:15,1
DA:16,1
DA:18,1
DA:19,1
DA:20,1
DA:23,1
DA:24,1
DA:25,1
DA:26,1
DA:29,1
DA:30,1
DA:31,1
DA:32,1
DA:35,1
DA:36,1
DA:39,1
DA:40,1
DA:43,1
LF:28
LH:28
BRDA:10,1,0,1
BRDA:10,1,1,1
BRF:2
BRH:2
end_of_record
TN:
SF:D:\WebServers\home\work.ru\njs-test\src\core\passport.js
FN:12,(anonymous_1)
FN:24,(anonymous_2)
FN:25,(anonymous_3)
FNF:3
FNH:3
FNDA:3,(anonymous_1)
FNDA:101,(anonymous_2)
FNDA:101,(anonymous_3)
DA:3,1
DA:4,1
DA:5,1
DA:6,1
DA:7,1
DA:8,1
DA:10,1
DA:13,3
DA:14,1
DA:18,1
DA:25,101
DA:26,101
LF:12
LH:12
BRDA:26,1,0,100
BRDA:26,1,1,1
BRF:2
BRH:2
end_of_record
TN:
SF:D:\WebServers\home\work.ru\njs-test\src\models\user.js
FN:25,(anonymous_1)
FN:29,(anonymous_2)
FN:33,(anonymous_3)
FN:42,(anonymous_4)
FN:70,(anonymous_5)
FN:84,(anonymous_6)
FNF:6
FNH:6
FNDA:2,(anonymous_1)
FNDA:6,(anonymous_2)
FNDA:100,(anonymous_3)
FNDA:8,(anonymous_4)
FNDA:3,(anonymous_5)
FNDA:1,(anonymous_6)
DA:3,1
DA:4,1
DA:5,1
DA:6,1
DA:7,1
DA:9,1
DA:21,1
DA:23,1
DA:25,1
DA:26,2
DA:29,1
DA:30,6
DA:33,1
DA:34,100
DA:35,100
DA:38,1
DA:43,8
DA:44,8
DA:46,8
DA:47,1
DA:49,7
DA:50,7
DA:51,7
DA:52,7
DA:53,7
DA:54,2
DA:57,7
DA:59,5
DA:61,3
DA:62,1
DA:65,2
DA:71,3
DA:72,3
DA:73,1
DA:76,2
DA:77,1
DA:80,1
DA:85,1
DA:90,1
LF:39
LH:39
BRDA:46,1,0,1
BRDA:46,1,1,7
BRDA:53,2,0,2
BRDA:53,2,1,5
BRDA:61,3,0,1
BRDA:61,3,1,2
BRDA:72,4,0,1
BRDA:72,4,1,2
BRDA:76,5,0,1
BRDA:76,5,1,1
BRF:10
BRH:10
end_of_record
TN:
SF:D:\WebServers\home\work.ru\njs-test\src\routes\users.js
FN:7,(anonymous_1)
FN:16,(anonymous_2)
FN:21,(anonymous_3)
FNF:3
FNH:3
FNDA:8,(anonymous_1)
FNDA:1,(anonymous_2)
FNDA:1,(anonymous_3)
DA:3,1
DA:4,1
DA:5,1
DA:7,1
DA:8,8
DA:9,8
DA:10,5
DA:14,1
DA:17,1
DA:21,1
DA:22,1
DA:27,1
LF:12
LH:12
BRF:0
BRH:0
end_of_record
TN:
SF:D:\WebServers\home\work.ru\njs-test\src\routes\comments.js
FN:11,(anonymous_1)
FN:26,(anonymous_2)
FN:32,(anonymous_3)
FN:39,(anonymous_4)
FNF:4
FNH:4
FNDA:100,(anonymous_1)
FNDA:1,(anonymous_2)
FNDA:1,(anonymous_3)
FNDA:2,(anonymous_4)
DA:3,1
DA:4,1
DA:5,1
DA:6,1
DA:7,1
DA:9,1
DA:12,100
DA:13,100
DA:14,11
DA:16,100
DA:18,100
DA:19,100
DA:26,1
DA:27,1
DA:32,1
DA:33,1
DA:38,1
DA:40,2
DA:46,1
LF:19
LH:19
BRDA:13,1,0,11
BRDA:13,1,1,89
BRF:2
BRH:2
end_of_record
TN:
SF:D:\WebServers\home\work.ru\njs-test\src\models\comment.js
FN:20,(anonymous_1)
FN:25,(anonymous_2)
FN:29,(anonymous_3)
FN:51,(anonymous_4)
FNF:4
FNH:4
FNDA:100,(anonymous_1)
FNDA:1,(anonymous_2)
FNDA:1,(anonymous_3)
FNDA:111,(anonymous_4)
DA:3,1
DA:4,1
DA:5,1
DA:7,1
DA:14,1
DA:16,1
DA:21,100
DA:22,100
DA:26,1
DA:30,1
DA:31,1
DA:32,1
DA:33,1
DA:34,100
DA:35,100
DA:37,1
DA:38,100
DA:39,89
DA:40,89
DA:44,11
DA:47,1
DA:52,111
DA:53,1
DA:55,111
DA:56,1
DA:58,111
DA:59,111
DA:60,100
DA:63,11
DA:64,11
DA:65,11
DA:66,109
DA:68,11
DA:69,11
DA:76,1
LF:35
LH:35
BRDA:38,1,0,89
BRDA:38,1,1,11
BRDA:39,2,0,89
BRDA:39,2,1,0
BRDA:52,3,0,1
BRDA:52,3,1,110
BRDA:55,4,0,1
BRDA:55,4,1,110
BRDA:59,5,0,100
BRDA:59,5,1,11
BRF:10
BRH:9
end_of_record
TN:
SF:D:\WebServers\home\work.ru\njs-test\src\routes\error.js
FN:3,(anonymous_1)
FNF:1
FNH:1
FNDA:5,(anonymous_1)
DA:3,1
DA:5,5
DA:13,5
LF:3
LH:3
BRF:0
BRH:0
end_of_record
