TN:
SF:D:\WebServers\home\work.ru\njs-test\src\core\mongoose.js
FNF:0
FNH:0
DA:1,1
DA:2,1
DA:4,1
DA:6,1
LF:4
LH:4
BRF:0
BRH:0
end_of_record
TN:
SF:D:\WebServers\home\work.ru\njs-test\src\config\index.js
FNF:0
FNH:0
DA:1,1
LF:1
LH:1
BRF:0
BRH:0
end_of_record
TN:
SF:D:\WebServers\home\work.ru\njs-test\src\app.js
FN:18,initCore
FN:23,initExpress
FN:29,initRoutes
FN:35,startServer
FN:39,onListen
FNF:5
FNH:5
FNDA:1,initCore
FNDA:1,initExpress
FNDA:1,initRoutes
FNDA:1,startServer
FNDA:1,onListen
DA:3,1
DA:4,1
DA:5,1
DA:6,1
DA:7,1
DA:9,1
DA:10,1
DA:11,1
DA:13,1
DA:14,1
DA:15,1
DA:16,1
DA:18,1
DA:19,1
DA:20,1
DA:23,1
DA:24,1
DA:25,1
DA:26,1
DA:29,1
DA:30,1
DA:31,1
DA:32,1
DA:35,1
DA:36,1
DA:39,1
DA:40,1
DA:43,1
LF:28
LH:28
BRDA:10,1,0,1
BRDA:10,1,1,1
BRF:2
BRH:2
end_of_record
TN:
SF:D:\WebServers\home\work.ru\njs-test\src\core\passport.js
FN:12,(anonymous_1)
FN:24,(anonymous_2)
FN:25,(anonymous_3)
FNF:3
FNH:0
FNDA:0,(anonymous_1)
FNDA:0,(anonymous_2)
FNDA:0,(anonymous_3)
DA:3,1
DA:4,1
DA:5,1
DA:6,1
DA:7,1
DA:8,1
DA:10,1
DA:13,0
DA:14,0
DA:18,1
DA:25,0
DA:26,0
DA:27,0
DA:29,0
DA:30,0
DA:32,0
LF:16
LH:8
BRDA:26,1,0,0
BRDA:26,1,1,0
BRDA:29,2,0,0
BRDA:29,2,1,0
BRF:4
BRH:0
end_of_record
TN:
SF:D:\WebServers\home\work.ru\njs-test\src\models\user.js
FN:25,(anonymous_1)
FN:29,(anonymous_2)
FN:33,(anonymous_3)
FN:42,(anonymous_4)
FN:64,(anonymous_5)
FN:78,(anonymous_6)
FNF:6
FNH:2
FNDA:0,(anonymous_1)
FNDA:1,(anonymous_2)
FNDA:0,(anonymous_3)
FNDA:4,(anonymous_4)
FNDA:0,(anonymous_5)
FNDA:0,(anonymous_6)
DA:3,1
DA:4,1
DA:5,1
DA:6,1
DA:7,1
DA:9,1
DA:21,1
DA:23,1
DA:25,1
DA:26,0
DA:29,1
DA:30,1
DA:33,1
DA:34,0
DA:35,0
DA:38,1
DA:43,4
DA:44,4
DA:46,4
DA:47,4
DA:48,4
DA:49,4
DA:50,4
DA:51,0
DA:54,4
DA:56,1
DA:58,3
DA:59,2
DA:65,0
DA:66,0
DA:67,0
DA:70,0
DA:71,0
DA:74,0
DA:79,0
DA:84,1
LF:36
LH:25
BRDA:50,1,0,0
BRDA:50,1,1,4
BRDA:58,2,0,2
BRDA:58,2,1,1
BRDA:66,3,0,0
BRDA:66,3,1,0
BRDA:70,4,0,0
BRDA:70,4,1,0
BRF:8
BRH:3
end_of_record
TN:
SF:D:\WebServers\home\work.ru\njs-test\src\routes\users.js
FN:7,(anonymous_1)
FN:16,(anonymous_2)
FN:21,(anonymous_3)
FNF:3
FNH:1
FNDA:4,(anonymous_1)
FNDA:0,(anonymous_2)
FNDA:0,(anonymous_3)
DA:3,1
DA:4,1
DA:5,1
DA:7,1
DA:8,4
DA:9,4
DA:10,2
DA:14,1
DA:17,0
DA:21,1
DA:22,0
DA:27,1
LF:12
LH:10
BRF:0
BRH:0
end_of_record
TN:
SF:D:\WebServers\home\work.ru\njs-test\src\routes\comments.js
FN:11,(anonymous_1)
FN:23,(anonymous_2)
FN:29,(anonymous_3)
FN:37,(anonymous_4)
FNF:4
FNH:0
FNDA:0,(anonymous_1)
FNDA:0,(anonymous_2)
FNDA:0,(anonymous_3)
FNDA:0,(anonymous_4)
DA:3,1
DA:4,1
DA:5,1
DA:6,1
DA:7,1
DA:9,1
DA:12,0
DA:13,0
DA:15,0
DA:16,0
DA:23,1
DA:24,0
DA:29,1
DA:30,0
DA:35,1
DA:38,0
DA:44,1
LF:17
LH:10
BRF:0
BRH:0
end_of_record
TN:
SF:D:\WebServers\home\work.ru\njs-test\src\models\comment.js
FN:20,(anonymous_1)
FN:25,(anonymous_2)
FN:29,(anonymous_3)
FN:51,(anonymous_4)
FNF:4
FNH:0
FNDA:0,(anonymous_1)
FNDA:0,(anonymous_2)
FNDA:0,(anonymous_3)
FNDA:0,(anonymous_4)
DA:3,1
DA:4,1
DA:5,1
DA:7,1
DA:14,1
DA:16,1
DA:21,0
DA:22,0
DA:26,0
DA:30,0
DA:31,0
DA:32,0
DA:33,0
DA:34,0
DA:35,0
DA:37,0
DA:38,0
DA:39,0
DA:40,0
DA:44,0
DA:47,0
DA:52,0
DA:53,0
DA:55,0
DA:56,0
DA:58,0
DA:59,0
DA:60,0
DA:63,0
DA:64,0
DA:65,0
DA:66,0
DA:68,0
DA:69,0
DA:76,1
LF:35
LH:7
BRDA:38,1,0,0
BRDA:38,1,1,0
BRDA:39,2,0,0
BRDA:39,2,1,0
BRDA:52,3,0,0
BRDA:52,3,1,0
BRDA:55,4,0,0
BRDA:55,4,1,0
BRDA:59,5,0,0
BRDA:59,5,1,0
BRF:10
BRH:0
end_of_record
TN:
SF:D:\WebServers\home\work.ru\njs-test\src\routes\error.js
FN:3,(anonymous_1)
FNF:1
FNH:1
FNDA:2,(anonymous_1)
DA:3,1
DA:4,2
DA:6,2
DA:12,2
LF:4
LH:4
BRF:0
BRH:0
end_of_record
